<?xml version="1.0" encoding="UTF-8"?>
<testng-results ignored="0" total="6" passed="5" failed="1" skipped="0">
  <reporter-output>
  </reporter-output>
  <suite started-at="2024-05-25T16:12:15Z" name="Default suite" finished-at="2024-05-25T16:12:48Z" duration-ms="33735">
    <groups>
      <group name="cucumber">
        <method signature="AbstractTestNGCucumberTests.runScenario(io.cucumber.testng.PickleWrapper, io.cucumber.testng.FeatureWrapper)[pri:0, instance:TestRunner.CucumberTestRunner@41330d4f]" name="runScenario" class="io.cucumber.testng.AbstractTestNGCucumberTests"/>
      </group> <!-- cucumber -->
    </groups>
    <test started-at="2024-05-25T16:12:15Z" name="Default test" finished-at="2024-05-25T16:12:48Z" duration-ms="33735">
      <class name="TestRunner.CucumberTestRunner">
        <test-method is-config="true" signature="setUpClass(org.testng.ITestContext)[pri:0, instance:TestRunner.CucumberTestRunner@41330d4f]" started-at="2024-05-25T21:42:15Z" name="setUpClass" finished-at="2024-05-25T21:42:15Z" duration-ms="463" status="PASS">
          <params>
            <param index="0">
              <value>
                <![CDATA[org.testng.TestRunner@685d7ba5]]>
              </value>
            </param>
          </params>
          <reporter-output>
          </reporter-output>
        </test-method> <!-- setUpClass -->
        <test-method signature="runScenario(io.cucumber.testng.PickleWrapper, io.cucumber.testng.FeatureWrapper)[pri:0, instance:TestRunner.CucumberTestRunner@41330d4f]" started-at="2024-05-25T21:42:15Z" name="runScenario" description="Runs Cucumber Scenarios" data-provider="scenarios" finished-at="2024-05-25T21:42:22Z" duration-ms="6631" status="FAIL">
          <params>
            <param index="0">
              <value>
                <![CDATA["Should verify contact feature under menu using Excel data"]]>
              </value>
            </param>
            <param index="1">
              <value>
                <![CDATA["Contact"]]>
              </value>
            </param>
          </params>
          <exception class="org.openqa.selenium.ElementClickInterceptedException">
            <message>
              <![CDATA[element click intercepted: Element <a class="nav-link" data-toggle="modal" data-target="#exampleModal" href="#">...</a> is not clickable at point (818, 37). Other element would receive the click: <div class="modal-header">...</div>
  (Session info: chrome=125.0.6422.77)
Build info: version: '4.19.1', revision: 'abe0ee07dc'
System info: os.name: 'Windows 11', os.arch: 'amd64', os.version: '10.0', java.version: '21.0.2'
Driver info: org.openqa.selenium.chrome.ChromeDriver
Command: [544a9e9536e51d936ff6e2063f0f1025, clickElement {id=f.DB63B51A0A2E8C03DAA74EABA8A3EEDF.d.A0A73131FCA858D7BC15F02D8160235E.e.129}]
Capabilities {acceptInsecureCerts: false, browserName: chrome, browserVersion: 125.0.6422.77, chrome: {chromedriverVersion: 125.0.6422.78 (14db42ec38ad..., userDataDir: C:\Users\Harish kumar\AppDa...}, fedcm:accounts: true, goog:chromeOptions: {debuggerAddress: localhost:58973}, networkConnectionEnabled: false, pageLoadStrategy: normal, platformName: windows, proxy: Proxy(), se:cdp: ws://localhost:58973/devtoo..., se:cdpVersion: 125.0.6422.77, setWindowRect: true, strictFileInteractability: false, timeouts: {implicit: 0, pageLoad: 300000, script: 30000}, unhandledPromptBehavior: dismiss and notify, webauthn:extension:credBlob: true, webauthn:extension:largeBlob: true, webauthn:extension:minPinLength: true, webauthn:extension:prf: true, webauthn:virtualAuthenticators: true}
Element: [[ChromeDriver: chrome on windows (544a9e9536e51d936ff6e2063f0f1025)] -> xpath: //ul[@class='navbar-nav ml-auto']/child::li/child::a[text()='Contact']]
Session ID: 544a9e9536e51d936ff6e2063f0f1025]]>
            </message>
            <full-stacktrace>
              <![CDATA[org.openqa.selenium.ElementClickInterceptedException: element click intercepted: Element <a class="nav-link" data-toggle="modal" data-target="#exampleModal" href="#">...</a> is not clickable at point (818, 37). Other element would receive the click: <div class="modal-header">...</div>
  (Session info: chrome=125.0.6422.77)
Build info: version: '4.19.1', revision: 'abe0ee07dc'
System info: os.name: 'Windows 11', os.arch: 'amd64', os.version: '10.0', java.version: '21.0.2'
Driver info: org.openqa.selenium.chrome.ChromeDriver
Command: [544a9e9536e51d936ff6e2063f0f1025, clickElement {id=f.DB63B51A0A2E8C03DAA74EABA8A3EEDF.d.A0A73131FCA858D7BC15F02D8160235E.e.129}]
Capabilities {acceptInsecureCerts: false, browserName: chrome, browserVersion: 125.0.6422.77, chrome: {chromedriverVersion: 125.0.6422.78 (14db42ec38ad..., userDataDir: C:\Users\Harish kumar\AppDa...}, fedcm:accounts: true, goog:chromeOptions: {debuggerAddress: localhost:58973}, networkConnectionEnabled: false, pageLoadStrategy: normal, platformName: windows, proxy: Proxy(), se:cdp: ws://localhost:58973/devtoo..., se:cdpVersion: 125.0.6422.77, setWindowRect: true, strictFileInteractability: false, timeouts: {implicit: 0, pageLoad: 300000, script: 30000}, unhandledPromptBehavior: dismiss and notify, webauthn:extension:credBlob: true, webauthn:extension:largeBlob: true, webauthn:extension:minPinLength: true, webauthn:extension:prf: true, webauthn:virtualAuthenticators: true}
Element: [[ChromeDriver: chrome on windows (544a9e9536e51d936ff6e2063f0f1025)] -> xpath: //ul[@class='navbar-nav ml-auto']/child::li/child::a[text()='Contact']]
Session ID: 544a9e9536e51d936ff6e2063f0f1025
	at java.base/jdk.internal.reflect.DirectConstructorHandleAccessor.newInstance(DirectConstructorHandleAccessor.java:62)
	at java.base/java.lang.reflect.Constructor.newInstanceWithCaller(Constructor.java:502)
	at java.base/java.lang.reflect.Constructor.newInstance(Constructor.java:486)
	at org.openqa.selenium.remote.ErrorCodec.decode(ErrorCodec.java:167)
	at org.openqa.selenium.remote.codec.w3c.W3CHttpResponseCodec.decode(W3CHttpResponseCodec.java:138)
	at org.openqa.selenium.remote.codec.w3c.W3CHttpResponseCodec.decode(W3CHttpResponseCodec.java:50)
	at org.openqa.selenium.remote.HttpCommandExecutor.execute(HttpCommandExecutor.java:190)
	at org.openqa.selenium.remote.service.DriverCommandExecutor.invokeExecute(DriverCommandExecutor.java:216)
	at org.openqa.selenium.remote.service.DriverCommandExecutor.execute(DriverCommandExecutor.java:174)
	at org.openqa.selenium.remote.RemoteWebDriver.execute(RemoteWebDriver.java:518)
	at org.openqa.selenium.remote.RemoteWebElement.execute(RemoteWebElement.java:223)
	at org.openqa.selenium.remote.RemoteWebElement.click(RemoteWebElement.java:76)
	at PageObjects.LoginPage.HomePageNavitems(LoginPage.java:25)
	at StepDefinitions.ContactTest.should_input_contact_details_from_excel(ContactTest.java:71)
	at ✽.should input Contact details from Excel(file:///C:/Users/Harish%20kumar/Music/Selenium_4%20JAVA%20Harish/Java_Bdd_selenium4/Features/Contact.feature:7)
]]>
            </full-stacktrace>
          </exception> <!-- org.openqa.selenium.ElementClickInterceptedException -->
          <reporter-output>
          </reporter-output>
        </test-method> <!-- runScenario -->
        <test-method signature="runScenario(io.cucumber.testng.PickleWrapper, io.cucumber.testng.FeatureWrapper)[pri:0, instance:TestRunner.CucumberTestRunner@41330d4f]" started-at="2024-05-25T21:42:22Z" name="runScenario" description="Runs Cucumber Scenarios" data-provider="scenarios" finished-at="2024-05-25T21:42:27Z" duration-ms="5641" status="PASS">
          <params>
            <param index="0">
              <value>
                <![CDATA["Check login with valid multiple credentials"]]>
              </value>
            </param>
            <param index="1">
              <value>
                <![CDATA["Login"]]>
              </value>
            </param>
          </params>
          <reporter-output>
          </reporter-output>
        </test-method> <!-- runScenario -->
        <test-method signature="runScenario(io.cucumber.testng.PickleWrapper, io.cucumber.testng.FeatureWrapper)[pri:0, instance:TestRunner.CucumberTestRunner@41330d4f]" started-at="2024-05-25T21:42:27Z" name="runScenario" description="Runs Cucumber Scenarios" data-provider="scenarios" finished-at="2024-05-25T21:42:32Z" duration-ms="4594" status="PASS">
          <params>
            <param index="0">
              <value>
                <![CDATA["Check login with valid multiple credentials"]]>
              </value>
            </param>
            <param index="1">
              <value>
                <![CDATA["Login"]]>
              </value>
            </param>
          </params>
          <reporter-output>
          </reporter-output>
        </test-method> <!-- runScenario -->
        <test-method signature="runScenario(io.cucumber.testng.PickleWrapper, io.cucumber.testng.FeatureWrapper)[pri:0, instance:TestRunner.CucumberTestRunner@41330d4f]" started-at="2024-05-25T21:42:32Z" name="runScenario" description="Runs Cucumber Scenarios" data-provider="scenarios" finished-at="2024-05-25T21:42:36Z" duration-ms="4061" status="PASS">
          <params>
            <param index="0">
              <value>
                <![CDATA["Check login with invalid credentials"]]>
              </value>
            </param>
            <param index="1">
              <value>
                <![CDATA["Login"]]>
              </value>
            </param>
          </params>
          <reporter-output>
          </reporter-output>
        </test-method> <!-- runScenario -->
        <test-method signature="runScenario(io.cucumber.testng.PickleWrapper, io.cucumber.testng.FeatureWrapper)[pri:0, instance:TestRunner.CucumberTestRunner@41330d4f]" started-at="2024-05-25T21:42:36Z" name="runScenario" description="Runs Cucumber Scenarios" data-provider="scenarios" finished-at="2024-05-25T21:42:41Z" duration-ms="4890" status="PASS">
          <params>
            <param index="0">
              <value>
                <![CDATA["Check login with invalid credentials"]]>
              </value>
            </param>
            <param index="1">
              <value>
                <![CDATA["Login"]]>
              </value>
            </param>
          </params>
          <reporter-output>
          </reporter-output>
        </test-method> <!-- runScenario -->
        <test-method signature="runScenario(io.cucumber.testng.PickleWrapper, io.cucumber.testng.FeatureWrapper)[pri:0, instance:TestRunner.CucumberTestRunner@41330d4f]" started-at="2024-05-25T21:42:41Z" name="runScenario" description="Runs Cucumber Scenarios" data-provider="scenarios" finished-at="2024-05-25T21:42:48Z" duration-ms="7406" status="PASS">
          <params>
            <param index="0">
              <value>
                <![CDATA["Should verify Signup feature under menu using data table"]]>
              </value>
            </param>
            <param index="1">
              <value>
                <![CDATA["Registration"]]>
              </value>
            </param>
          </params>
          <reporter-output>
          </reporter-output>
        </test-method> <!-- runScenario -->
        <test-method is-config="true" signature="tearDownClass()[pri:0, instance:TestRunner.CucumberTestRunner@41330d4f]" started-at="2024-05-25T21:42:48Z" name="tearDownClass" finished-at="2024-05-25T21:42:48Z" duration-ms="27" status="PASS">
          <reporter-output>
          </reporter-output>
        </test-method> <!-- tearDownClass -->
      </class> <!-- TestRunner.CucumberTestRunner -->
    </test> <!-- Default test -->
  </suite> <!-- Default suite -->
</testng-results>
