<?xml version="1.0" encoding="UTF-8"?>
<testng-results ignored="0" total="6" passed="6" failed="0" skipped="0">
  <reporter-output>
  </reporter-output>
  <suite started-at="2024-06-16T05:42:27Z" name="Suite" finished-at="2024-06-16T05:43:00Z" duration-ms="33496">
    <groups>
      <group name="cucumber">
        <method signature="AbstractTestNGCucumberTests.runScenario(io.cucumber.testng.PickleWrapper, io.cucumber.testng.FeatureWrapper)[pri:0, instance:TestRunner.CucumberTestRunner@56620197]" name="runScenario" class="io.cucumber.testng.AbstractTestNGCucumberTests"/>
      </group> <!-- cucumber -->
    </groups>
    <test started-at="2024-06-16T05:42:27Z" name="Test" finished-at="2024-06-16T05:43:00Z" duration-ms="33496">
      <class name="TestRunner.CucumberTestRunner">
        <test-method is-config="true" signature="setUpClass(org.testng.ITestContext)[pri:0, instance:TestRunner.CucumberTestRunner@56620197]" started-at="2024-06-16T11:12:27Z" name="setUpClass" finished-at="2024-06-16T11:12:27Z" duration-ms="508" status="PASS">
          <params>
            <param index="0">
              <value>
                <![CDATA[org.testng.TestRunner@27d73d22]]>
              </value>
            </param>
          </params>
          <reporter-output>
          </reporter-output>
        </test-method> <!-- setUpClass -->
        <test-method signature="runScenario(io.cucumber.testng.PickleWrapper, io.cucumber.testng.FeatureWrapper)[pri:0, instance:TestRunner.CucumberTestRunner@56620197]" started-at="2024-06-16T11:12:27Z" name="runScenario" description="Runs Cucumber Scenarios" data-provider="scenarios" finished-at="2024-06-16T11:12:36Z" duration-ms="8321" status="PASS">
          <params>
            <param index="0">
              <value>
                <![CDATA["Should verify contact feature under menu using Excel data"]]>
              </value>
            </param>
            <param index="1">
              <value>
                <![CDATA["Contact"]]>
              </value>
            </param>
          </params>
          <reporter-output>
          </reporter-output>
        </test-method> <!-- runScenario -->
        <test-method signature="runScenario(io.cucumber.testng.PickleWrapper, io.cucumber.testng.FeatureWrapper)[pri:0, instance:TestRunner.CucumberTestRunner@56620197]" started-at="2024-06-16T11:12:36Z" name="runScenario" description="Runs Cucumber Scenarios" data-provider="scenarios" finished-at="2024-06-16T11:12:40Z" duration-ms="4406" status="PASS">
          <params>
            <param index="0">
              <value>
                <![CDATA["Check login with valid multiple credentials"]]>
              </value>
            </param>
            <param index="1">
              <value>
                <![CDATA["Login"]]>
              </value>
            </param>
          </params>
          <reporter-output>
          </reporter-output>
        </test-method> <!-- runScenario -->
        <test-method signature="runScenario(io.cucumber.testng.PickleWrapper, io.cucumber.testng.FeatureWrapper)[pri:0, instance:TestRunner.CucumberTestRunner@56620197]" started-at="2024-06-16T11:12:40Z" name="runScenario" description="Runs Cucumber Scenarios" data-provider="scenarios" finished-at="2024-06-16T11:12:45Z" duration-ms="5457" status="PASS">
          <params>
            <param index="0">
              <value>
                <![CDATA["Check login with valid multiple credentials"]]>
              </value>
            </param>
            <param index="1">
              <value>
                <![CDATA["Login"]]>
              </value>
            </param>
          </params>
          <reporter-output>
          </reporter-output>
        </test-method> <!-- runScenario -->
        <test-method signature="runScenario(io.cucumber.testng.PickleWrapper, io.cucumber.testng.FeatureWrapper)[pri:0, instance:TestRunner.CucumberTestRunner@56620197]" started-at="2024-06-16T11:12:45Z" name="runScenario" description="Runs Cucumber Scenarios" data-provider="scenarios" finished-at="2024-06-16T11:12:48Z" duration-ms="2999" status="PASS">
          <params>
            <param index="0">
              <value>
                <![CDATA["Check login with invalid credentials"]]>
              </value>
            </param>
            <param index="1">
              <value>
                <![CDATA["Login"]]>
              </value>
            </param>
          </params>
          <reporter-output>
          </reporter-output>
        </test-method> <!-- runScenario -->
        <test-method signature="runScenario(io.cucumber.testng.PickleWrapper, io.cucumber.testng.FeatureWrapper)[pri:0, instance:TestRunner.CucumberTestRunner@56620197]" started-at="2024-06-16T11:12:48Z" name="runScenario" description="Runs Cucumber Scenarios" data-provider="scenarios" finished-at="2024-06-16T11:12:52Z" duration-ms="3903" status="PASS">
          <params>
            <param index="0">
              <value>
                <![CDATA["Check login with invalid credentials"]]>
              </value>
            </param>
            <param index="1">
              <value>
                <![CDATA["Login"]]>
              </value>
            </param>
          </params>
          <reporter-output>
          </reporter-output>
        </test-method> <!-- runScenario -->
        <test-method signature="runScenario(io.cucumber.testng.PickleWrapper, io.cucumber.testng.FeatureWrapper)[pri:0, instance:TestRunner.CucumberTestRunner@56620197]" started-at="2024-06-16T11:12:52Z" name="runScenario" description="Runs Cucumber Scenarios" data-provider="scenarios" finished-at="2024-06-16T11:13:00Z" duration-ms="7852" status="PASS">
          <params>
            <param index="0">
              <value>
                <![CDATA["Should verify Signup feature under menu using data table"]]>
              </value>
            </param>
            <param index="1">
              <value>
                <![CDATA["Registration"]]>
              </value>
            </param>
          </params>
          <reporter-output>
          </reporter-output>
        </test-method> <!-- runScenario -->
        <test-method is-config="true" signature="tearDownClass()[pri:0, instance:TestRunner.CucumberTestRunner@56620197]" started-at="2024-06-16T11:13:00Z" name="tearDownClass" finished-at="2024-06-16T11:13:00Z" duration-ms="34" status="PASS">
          <reporter-output>
          </reporter-output>
        </test-method> <!-- tearDownClass -->
      </class> <!-- TestRunner.CucumberTestRunner -->
    </test> <!-- Test -->
  </suite> <!-- Suite -->
</testng-results>
