<?xml version="1.0" encoding="UTF-8"?>
<testng-results ignored="0" total="6" passed="6" failed="0" skipped="0">
  <reporter-output>
  </reporter-output>
  <suite started-at="2024-06-14T21:47:42 IST" name="Suite" finished-at="2024-06-14T21:48:15 IST" duration-ms="33528">
    <groups>
      <group name="cucumber">
        <method signature="AbstractTestNGCucumberTests.runScenario(io.cucumber.testng.PickleWrapper,io.cucumber.testng.FeatureWrapper)[pri:0, instance:TestRunner.CucumberTestRunner@69e153c5]" name="runScenario" class="io.cucumber.testng.AbstractTestNGCucumberTests"/>
      </group> <!-- cucumber -->
    </groups>
    <test started-at="2024-06-14T21:47:42 IST" name="Test" finished-at="2024-06-14T21:48:15 IST" duration-ms="33528">
      <class name="TestRunner.CucumberTestRunner">
        <test-method is-config="true" signature="setUpClass(org.testng.ITestContext)[pri:0, instance:TestRunner.CucumberTestRunner@69e153c5]" started-at="2024-06-14T21:47:42 IST" name="setUpClass" finished-at="2024-06-14T21:47:42 IST" duration-ms="422" status="PASS">
          <params>
            <param index="0">
              <value>
                <![CDATA[org.testng.TestRunner@642a7222]]>
              </value>
            </param>
          </params>
          <reporter-output>
          </reporter-output>
        </test-method> <!-- setUpClass -->
        <test-method signature="runScenario(io.cucumber.testng.PickleWrapper,io.cucumber.testng.FeatureWrapper)[pri:0, instance:TestRunner.CucumberTestRunner@69e153c5]" started-at="2024-06-14T21:47:42 IST" name="runScenario" description="Runs Cucumber Scenarios" data-provider="scenarios" finished-at="2024-06-14T21:47:49 IST" duration-ms="7263" status="PASS">
          <params>
            <param index="0">
              <value>
                <![CDATA["Should verify contact feature under menu using Excel data"]]>
              </value>
            </param>
            <param index="1">
              <value>
                <![CDATA["Contact"]]>
              </value>
            </param>
          </params>
          <reporter-output>
          </reporter-output>
        </test-method> <!-- runScenario -->
        <test-method signature="runScenario(io.cucumber.testng.PickleWrapper,io.cucumber.testng.FeatureWrapper)[pri:0, instance:TestRunner.CucumberTestRunner@69e153c5]" started-at="2024-06-14T21:47:49 IST" name="runScenario" description="Runs Cucumber Scenarios" data-provider="scenarios" finished-at="2024-06-14T21:47:55 IST" duration-ms="5506" status="PASS">
          <params>
            <param index="0">
              <value>
                <![CDATA["Check login with valid multiple credentials"]]>
              </value>
            </param>
            <param index="1">
              <value>
                <![CDATA["Login"]]>
              </value>
            </param>
          </params>
          <reporter-output>
          </reporter-output>
        </test-method> <!-- runScenario -->
        <test-method signature="runScenario(io.cucumber.testng.PickleWrapper,io.cucumber.testng.FeatureWrapper)[pri:0, instance:TestRunner.CucumberTestRunner@69e153c5]" started-at="2024-06-14T21:47:55 IST" name="runScenario" description="Runs Cucumber Scenarios" data-provider="scenarios" finished-at="2024-06-14T21:48:00 IST" duration-ms="4920" status="PASS">
          <params>
            <param index="0">
              <value>
                <![CDATA["Check login with valid multiple credentials"]]>
              </value>
            </param>
            <param index="1">
              <value>
                <![CDATA["Login"]]>
              </value>
            </param>
          </params>
          <reporter-output>
          </reporter-output>
        </test-method> <!-- runScenario -->
        <test-method signature="runScenario(io.cucumber.testng.PickleWrapper,io.cucumber.testng.FeatureWrapper)[pri:0, instance:TestRunner.CucumberTestRunner@69e153c5]" started-at="2024-06-14T21:48:00 IST" name="runScenario" description="Runs Cucumber Scenarios" data-provider="scenarios" finished-at="2024-06-14T21:48:04 IST" duration-ms="4108" status="PASS">
          <params>
            <param index="0">
              <value>
                <![CDATA["Check login with invalid credentials"]]>
              </value>
            </param>
            <param index="1">
              <value>
                <![CDATA["Login"]]>
              </value>
            </param>
          </params>
          <reporter-output>
          </reporter-output>
        </test-method> <!-- runScenario -->
        <test-method signature="runScenario(io.cucumber.testng.PickleWrapper,io.cucumber.testng.FeatureWrapper)[pri:0, instance:TestRunner.CucumberTestRunner@69e153c5]" started-at="2024-06-14T21:48:04 IST" name="runScenario" description="Runs Cucumber Scenarios" data-provider="scenarios" finished-at="2024-06-14T21:48:07 IST" duration-ms="3690" status="PASS">
          <params>
            <param index="0">
              <value>
                <![CDATA["Check login with invalid credentials"]]>
              </value>
            </param>
            <param index="1">
              <value>
                <![CDATA["Login"]]>
              </value>
            </param>
          </params>
          <reporter-output>
          </reporter-output>
        </test-method> <!-- runScenario -->
        <test-method signature="runScenario(io.cucumber.testng.PickleWrapper,io.cucumber.testng.FeatureWrapper)[pri:0, instance:TestRunner.CucumberTestRunner@69e153c5]" started-at="2024-06-14T21:48:07 IST" name="runScenario" description="Runs Cucumber Scenarios" data-provider="scenarios" finished-at="2024-06-14T21:48:15 IST" duration-ms="7551" status="PASS">
          <params>
            <param index="0">
              <value>
                <![CDATA["Should verify Signup feature under menu using data table"]]>
              </value>
            </param>
            <param index="1">
              <value>
                <![CDATA["Registration"]]>
              </value>
            </param>
          </params>
          <reporter-output>
          </reporter-output>
        </test-method> <!-- runScenario -->
        <test-method is-config="true" signature="tearDownClass()[pri:0, instance:TestRunner.CucumberTestRunner@69e153c5]" started-at="2024-06-14T21:48:15 IST" name="tearDownClass" finished-at="2024-06-14T21:48:15 IST" duration-ms="24" status="PASS">
          <reporter-output>
          </reporter-output>
        </test-method> <!-- tearDownClass -->
      </class> <!-- TestRunner.CucumberTestRunner -->
    </test> <!-- Test -->
  </suite> <!-- Suite -->
</testng-results>
