<?xml version="1.0" encoding="UTF-8"?>
<testsuite xmlns:xsi="http://www.w3.org/2001/XMLSchema-instance" xsi:noNamespaceSchemaLocation="https://maven.apache.org/surefire/maven-surefire-plugin/xsd/surefire-test-report-3.0.xsd" version="3.0" name="TestSuite" time="34.028" tests="6" errors="0" skipped="0" failures="0">
  <properties>
[...]
</properties>
  <testcase name="runScenario[&quot;Should verify contact feature under menu using Excel data&quot;, &quot;Contact&quot;](1)" classname="TestRunner.CucumberTestRunner" time="7.269">
    <system-out><![CDATA[21:47:41,672 |-INFO in ch.qos.logback.classic.LoggerContext[default] - Could NOT find resource [logback-test.xml]
21:47:41,673 |-INFO in ch.qos.logback.classic.LoggerContext[default] - Could NOT find resource [logback.groovy]
21:47:41,673 |-INFO in ch.qos.logback.classic.LoggerContext[default] - Found resource [logback.xml] at [file:/C:/Users/Harish%20kumar/Music/masterRepo/Java_Bdd_selenium4/target/classes/logback.xml]
21:47:41,674 |-WARN in ch.qos.logback.classic.LoggerContext[default] - Resource [logback.xml] occurs multiple times on the classpath.
21:47:41,674 |-WARN in ch.qos.logback.classic.LoggerContext[default] - Resource [logback.xml] occurs at [file:/C:/Users/Harish%20kumar/Music/masterRepo/Java_Bdd_selenium4/target/classes/logback.xml]
21:47:41,674 |-WARN in ch.qos.logback.classic.LoggerContext[default] - Resource [logback.xml] occurs at [jar:file:/C:/Users/Harish%20kumar/.m2/repository/net/sourceforge/cobertura/cobertura/2.1.1/cobertura-2.1.1.jar!/logback.xml]
21:47:41,728 |-INFO in ch.qos.logback.classic.joran.action.ConfigurationAction - debug attribute not set
21:47:41,729 |-INFO in ch.qos.logback.core.joran.action.AppenderAction - About to instantiate appender of type [ch.qos.logback.core.ConsoleAppender]
21:47:41,734 |-INFO in ch.qos.logback.core.joran.action.AppenderAction - Naming appender as [STDOUT]
21:47:41,740 |-INFO in ch.qos.logback.core.joran.action.NestedComplexPropertyIA - Assuming default type [ch.qos.logback.classic.encoder.PatternLayoutEncoder] for [encoder] property
21:47:41,765 |-INFO in ch.qos.logback.core.joran.action.AppenderAction - About to instantiate appender of type [ch.qos.logback.core.FileAppender]
21:47:41,768 |-INFO in ch.qos.logback.core.joran.action.AppenderAction - Naming appender as [FILE]
21:47:41,773 |-INFO in ch.qos.logback.core.joran.action.NestedComplexPropertyIA - Assuming default type [ch.qos.logback.classic.encoder.PatternLayoutEncoder] for [encoder] property
21:47:41,774 |-INFO in ch.qos.logback.core.FileAppender[FILE] - File property is set to [logs/test-log.log]
21:47:41,776 |-INFO in ch.qos.logback.classic.joran.action.RootLoggerAction - Setting level of ROOT logger to DEBUG
21:47:41,776 |-INFO in ch.qos.logback.core.joran.action.AppenderRefAction - Attaching appender named [STDOUT] to Logger[ROOT]
21:47:41,778 |-INFO in ch.qos.logback.core.joran.action.AppenderRefAction - Attaching appender named [FILE] to Logger[ROOT]
21:47:41,778 |-INFO in ch.qos.logback.classic.joran.action.ConfigurationAction - End of configuration.
21:47:41,778 |-INFO in ch.qos.logback.classic.joran.JoranConfigurator@184cf7cf - Registering current configuration as safe fallback point

2024-06-14 21:47:41 DEBUG org.testng.TestNG - suiteXmlPath: "C:\Users\Harish kumar\Music\masterRepo\Java_Bdd_selenium4\testng.xml"

@Contactfill
Scenario: Should verify contact feature under menu using Excel data # Features/Contact.feature:3
2024-06-14 21:47:42 INFO  Hooks.Hooks - Deleting old screenshots.
2024-06-14 21:47:42 INFO  Hooks.Hooks - Initializing WebDriver.
2024-06-14 21:47:45 INFO  StepDefinitions.LoginTest - Launching Chrome browser.
The WebDriver is already initialized in the Hooks class
  Given User Launch chrome browser                                  # StepDefinitions.LoginTest.user_launch_chrome_browser()
2024-06-14 21:47:45 INFO  StepDefinitions.LoginTest - Navigating to login page.
  And Navigate to Home page                                         # StepDefinitions.ContactTest.navigate_to_home_page()
2024-06-14 21:47:45 INFO  StepDefinitions.LoginTest - Clicked on Contact of menu
  When click on Contact under menu                                  # StepDefinitions.ContactTest.click_on_contact_under_menu()
2024-06-14 21:47:46 INFO  StepDefinitions.LoginTest - Switched to alert
2024-06-14 21:47:46 INFO  StepDefinitions.LoginTest - Alert message: Thanks for the message!!
2024-06-14 21:47:46 INFO  StepDefinitions.LoginTest - Alert accepted
2024-06-14 21:47:47 INFO  StepDefinitions.LoginTest - Switched to alert
2024-06-14 21:47:47 INFO  StepDefinitions.LoginTest - Alert message: Thanks for the message!!
2024-06-14 21:47:47 INFO  StepDefinitions.LoginTest - Alert accepted
2024-06-14 21:47:48 INFO  StepDefinitions.LoginTest - Switched to alert
2024-06-14 21:47:48 INFO  StepDefinitions.LoginTest - Alert message: Thanks for the message!!
2024-06-14 21:47:48 INFO  StepDefinitions.LoginTest - Alert accepted
2024-06-14 21:47:48 INFO  StepDefinitions.LoginTest - Switched to alert
2024-06-14 21:47:48 INFO  StepDefinitions.LoginTest - Alert message: Thanks for the message!!
2024-06-14 21:47:48 INFO  StepDefinitions.LoginTest - Alert accepted
2024-06-14 21:47:49 INFO  StepDefinitions.LoginTest - Switched to alert
2024-06-14 21:47:49 INFO  StepDefinitions.LoginTest - Alert message: Thanks for the message!!
2024-06-14 21:47:49 INFO  StepDefinitions.LoginTest - Alert accepted
2024-06-14 21:47:49 INFO  StepDefinitions.LoginTest - Entered contact details
excel data: [[email, name, message], [test1@example.com, John Doe, am winner], [mars@trust.com, Jane Smith, good products], [earth@uni.com, Bob Johnson, calling you now], [villa@mojo.com, villa grace, rocking now]]
  Then should input Contact details from Excel                      # StepDefinitions.ContactTest.should_input_contact_details_from_excel()
  And Click on send message                                         # StepDefinitions.ContactTest.click_on_send_message()
2024-06-14 21:47:49 INFO  StepDefinitions.LoginTest - Alert is opned 
  When Alert is opened                                              # StepDefinitions.ContactTest.alert_is_opened()
  And validate Alert message                                        # StepDefinitions.ContactTest.validate_alert_message()
2024-06-14 21:47:49 INFO  Hooks.Hooks - Quitting WebDriver.
]]></system-out>
    <system-err><![CDATA[Jun 14, 2024 9:47:43 PM org.openqa.selenium.devtools.CdpVersionFinder findNearestMatch
WARNING: Unable to find an exact match for CDP version 125, returning the closest version; found: 123; Please update to a Selenium version that supports CDP version 125
ERROR StatusLogger Log4j2 could not find a logging implementation. Please add log4j-core to the classpath. Using SimpleLogger to log to the console...
]]></system-err>
  </testcase>
  <testcase name="runScenario[&quot;Check login with valid multiple credentials&quot;, &quot;Login&quot;](2)" classname="TestRunner.CucumberTestRunner" time="5.501">
    <system-out><![CDATA[
@login_positive
Scenario Outline: Check login with valid multiple credentials # Features/Login.feature:16
2024-06-14 21:47:49 INFO  Hooks.Hooks - Deleting old screenshots.
2024-06-14 21:47:49 INFO  Hooks.Hooks - Initializing WebDriver.
2024-06-14 21:47:51 INFO  StepDefinitions.LoginTest - Launching Chrome browser.
The WebDriver is already initialized in the Hooks class
  Given User Launch chrome browser                            # StepDefinitions.LoginTest.user_launch_chrome_browser()
2024-06-14 21:47:51 INFO  StepDefinitions.LoginTest - Navigating to login page.
  And Navigate to login page                                  # StepDefinitions.LoginTest.navigate_to_login_page()
2024-06-14 21:47:51 INFO  StepDefinitions.LoginTest - Entering username: harish24 and password: Hari@3344
  When Input username "harish24" and password "Hari@3344"     # StepDefinitions.LoginTest.input_username_and_password(java.lang.String,java.lang.String)
2024-06-14 21:47:52 INFO  StepDefinitions.LoginTest - Clicking on login.
  And Click on login                                          # StepDefinitions.LoginTest.click_on_login()
2024-06-14 21:47:52 INFO  StepDefinitions.LoginTest - Validating user login.
  Then login page user message should be validated            # StepDefinitions.LoginTest.login_page_user_message_should_be_validated()
2024-06-14 21:47:54 INFO  StepDefinitions.LoginTest - Clicking on logout.
  When User click on logout                                   # StepDefinitions.LoginTest.user_click_on_logout()
2024-06-14 21:47:55 INFO  StepDefinitions.LoginTest - Validating page title.
  Then Page title should be validated                         # StepDefinitions.LoginTest.page_title_should_be_validated()
2024-06-14 21:47:55 INFO  StepDefinitions.LoginTest - Closing the browser.
The WebDriver quit is handled in the Hooks class
  And close the browser                                       # StepDefinitions.LoginTest.close_the_browser()
2024-06-14 21:47:55 INFO  Hooks.Hooks - Quitting WebDriver.
]]></system-out>
    <system-err><![CDATA[Jun 14, 2024 9:47:50 PM org.openqa.selenium.devtools.CdpVersionFinder findNearestMatch
WARNING: Unable to find an exact match for CDP version 125, returning the closest version; found: 123; Please update to a Selenium version that supports CDP version 125
]]></system-err>
  </testcase>
  <testcase name="runScenario[&quot;Check login with valid multiple credentials&quot;, &quot;Login&quot;](3)" classname="TestRunner.CucumberTestRunner" time="4.921">
    <system-out><![CDATA[
@login_positive
Scenario Outline: Check login with valid multiple credentials # Features/Login.feature:17
2024-06-14 21:47:55 INFO  Hooks.Hooks - Deleting old screenshots.
2024-06-14 21:47:55 INFO  Hooks.Hooks - Initializing WebDriver.
2024-06-14 21:47:57 INFO  StepDefinitions.LoginTest - Launching Chrome browser.
The WebDriver is already initialized in the Hooks class
  Given User Launch chrome browser                            # StepDefinitions.LoginTest.user_launch_chrome_browser()
2024-06-14 21:47:57 INFO  StepDefinitions.LoginTest - Navigating to login page.
  And Navigate to login page                                  # StepDefinitions.LoginTest.navigate_to_login_page()
2024-06-14 21:47:57 INFO  StepDefinitions.LoginTest - Entering username: harish13 and password: test123
  When Input username "harish13" and password "test123"       # StepDefinitions.LoginTest.input_username_and_password(java.lang.String,java.lang.String)
2024-06-14 21:47:57 INFO  StepDefinitions.LoginTest - Clicking on login.
  And Click on login                                          # StepDefinitions.LoginTest.click_on_login()
2024-06-14 21:47:57 INFO  StepDefinitions.LoginTest - Validating user login.
  Then login page user message should be validated            # StepDefinitions.LoginTest.login_page_user_message_should_be_validated()
2024-06-14 21:47:59 INFO  StepDefinitions.LoginTest - Clicking on logout.
  When User click on logout                                   # StepDefinitions.LoginTest.user_click_on_logout()
2024-06-14 21:48:00 INFO  StepDefinitions.LoginTest - Validating page title.
  Then Page title should be validated                         # StepDefinitions.LoginTest.page_title_should_be_validated()
2024-06-14 21:48:00 INFO  StepDefinitions.LoginTest - Closing the browser.
The WebDriver quit is handled in the Hooks class
  And close the browser                                       # StepDefinitions.LoginTest.close_the_browser()
2024-06-14 21:48:00 INFO  Hooks.Hooks - Quitting WebDriver.
]]></system-out>
    <system-err><![CDATA[Jun 14, 2024 9:47:56 PM org.openqa.selenium.devtools.CdpVersionFinder findNearestMatch
WARNING: Unable to find an exact match for CDP version 125, returning the closest version; found: 123; Please update to a Selenium version that supports CDP version 125
]]></system-err>
  </testcase>
  <testcase name="runScenario[&quot;Check login with invalid credentials&quot;, &quot;Login&quot;](4)" classname="TestRunner.CucumberTestRunner" time="4.107">
    <system-out><![CDATA[
@login_negative
Scenario Outline: Check login with invalid credentials # Features/Login.feature:28
2024-06-14 21:48:00 INFO  Hooks.Hooks - Deleting old screenshots.
2024-06-14 21:48:00 INFO  Hooks.Hooks - Initializing WebDriver.
2024-06-14 21:48:02 INFO  StepDefinitions.LoginTest - Launching Chrome browser.
The WebDriver is already initialized in the Hooks class
  Given User Launch chrome browser                     # StepDefinitions.LoginTest.user_launch_chrome_browser()
2024-06-14 21:48:02 INFO  StepDefinitions.LoginTest - Navigating to login page.
  And Navigate to login page                           # StepDefinitions.LoginTest.navigate_to_login_page()
2024-06-14 21:48:02 INFO  StepDefinitions.LoginTest - Entering username: hagdhj and password: sdafgg
  When Input username "hagdhj" and password "sdafgg"   # StepDefinitions.LoginTest.input_username_and_password(java.lang.String,java.lang.String)
2024-06-14 21:48:03 INFO  StepDefinitions.LoginTest - Clicking on login.
  And Click on login                                   # StepDefinitions.LoginTest.click_on_login()
2024-06-14 21:48:03 INFO  StepDefinitions.LoginTest - Validating error message.
  When error message should be displayed               # StepDefinitions.LoginTest.error_message_should_be_displayed()
2024-06-14 21:48:04 INFO  StepDefinitions.LoginTest - Closing the browser.
The WebDriver quit is handled in the Hooks class
  And close the browser                                # StepDefinitions.LoginTest.close_the_browser()
2024-06-14 21:48:04 INFO  Hooks.Hooks - Quitting WebDriver.
]]></system-out>
    <system-err><![CDATA[Jun 14, 2024 9:48:01 PM org.openqa.selenium.devtools.CdpVersionFinder findNearestMatch
WARNING: Unable to find an exact match for CDP version 125, returning the closest version; found: 123; Please update to a Selenium version that supports CDP version 125
]]></system-err>
  </testcase>
  <testcase name="runScenario[&quot;Check login with invalid credentials&quot;, &quot;Login&quot;](5)" classname="TestRunner.CucumberTestRunner" time="3.69">
    <system-out><![CDATA[
@login_negative
Scenario Outline: Check login with invalid credentials # Features/Login.feature:29
2024-06-14 21:48:04 INFO  Hooks.Hooks - Deleting old screenshots.
2024-06-14 21:48:04 INFO  Hooks.Hooks - Initializing WebDriver.
2024-06-14 21:48:06 INFO  StepDefinitions.LoginTest - Launching Chrome browser.
The WebDriver is already initialized in the Hooks class
  Given User Launch chrome browser                     # StepDefinitions.LoginTest.user_launch_chrome_browser()
2024-06-14 21:48:06 INFO  StepDefinitions.LoginTest - Navigating to login page.
  And Navigate to login page                           # StepDefinitions.LoginTest.navigate_to_login_page()
2024-06-14 21:48:06 INFO  StepDefinitions.LoginTest - Entering username: teshha and password: hjklaj
  When Input username "teshha" and password "hjklaj"   # StepDefinitions.LoginTest.input_username_and_password(java.lang.String,java.lang.String)
2024-06-14 21:48:06 INFO  StepDefinitions.LoginTest - Clicking on login.
  And Click on login                                   # StepDefinitions.LoginTest.click_on_login()
2024-06-14 21:48:06 INFO  StepDefinitions.LoginTest - Validating error message.
  When error message should be displayed               # StepDefinitions.LoginTest.error_message_should_be_displayed()
2024-06-14 21:48:07 INFO  StepDefinitions.LoginTest - Closing the browser.
The WebDriver quit is handled in the Hooks class
  And close the browser                                # StepDefinitions.LoginTest.close_the_browser()
2024-06-14 21:48:07 INFO  Hooks.Hooks - Quitting WebDriver.
]]></system-out>
    <system-err><![CDATA[Jun 14, 2024 9:48:05 PM org.openqa.selenium.devtools.CdpVersionFinder findNearestMatch
WARNING: Unable to find an exact match for CDP version 125, returning the closest version; found: 123; Please update to a Selenium version that supports CDP version 125
]]></system-err>
  </testcase>
  <testcase name="runScenario[&quot;Should verify Signup feature under menu using data table&quot;, &quot;Registration&quot;](6)" classname="TestRunner.CucumberTestRunner" time="7.552">
    <system-out><![CDATA[
@Register
Scenario Outline: Should verify Signup feature under menu using data table # Features/Register.feature:3
2024-06-14 21:48:08 INFO  Hooks.Hooks - Deleting old screenshots.
2024-06-14 21:48:08 INFO  Hooks.Hooks - Initializing WebDriver.
2024-06-14 21:48:09 INFO  StepDefinitions.LoginTest - Navigating to login page.
  And Navigateto Home page                                                 # StepDefinitions.RegisterTest.navigateto_home_page()
2024-06-14 21:48:10 INFO  StepDefinitions.LoginTest - Clicked on Contact of menu
  When click on SignUP under menu                                          # StepDefinitions.RegisterTest.click_on_sign_up_under_menu()
2024-06-14 21:48:11 INFO  StepDefinitions.LoginTest - Alert accepted
2024-06-14 21:48:13 INFO  StepDefinitions.LoginTest - Alert accepted
2024-06-14 21:48:15 INFO  StepDefinitions.LoginTest - Alert accepted
  Then should singinup with name and pass and validate alert message       # StepDefinitions.RegisterTest.should_singinup_with_name_and_pass_and_validate_alert_message(io.cucumber.datatable.DataTable)
    | username | password |
    | haris11  | hari@111 |
    | kuarer2  | laasd01  |
    | sharanya | vbs1234  |
2024-06-14 21:48:15 INFO  Hooks.Hooks - Quitting WebDriver.
]]></system-out>
    <system-err><![CDATA[Jun 14, 2024 9:48:08 PM org.openqa.selenium.devtools.CdpVersionFinder findNearestMatch
WARNING: Unable to find an exact match for CDP version 125, returning the closest version; found: 123; Please update to a Selenium version that supports CDP version 125
]]></system-err>
  </testcase>
</testsuite>